warning: `VIRTUAL_ENV=/home/jose/feedback-spillover-exps/.venv` does not match the project environment path `.venv` and will be ignored; use `--active` to target the active environment instead
building 68580 datums...
  phase1a lr0.00047 s0 nll: 200/243
  phase1a lr0.00047 s0 nllshuf: 200/4860
  phase1a lr0.00047 s0 nllshuf: 400/4860
  phase1a lr0.00047 s0 nllshuf: 600/4860
  phase1a lr0.00047 s0 nllshuf: 800/4860
  phase1a lr0.00047 s0 nllshuf: 1000/4860
  phase1a lr0.00047 s0 nllshuf: 1200/4860
  phase1a lr0.00047 s0 nllshuf: 1400/4860
  phase1a lr0.00047 s0 nllshuf: 1600/4860
  phase1a lr0.00047 s0 nllshuf: 1800/4860
  phase1a lr0.00047 s0 nllshuf: 2000/4860
  phase1a lr0.00047 s0 nllshuf: 2200/4860
  phase1a lr0.00047 s0 nllshuf: 2400/4860
  phase1a lr0.00047 s0 nllshuf: 2600/4860
  phase1a lr0.00047 s0 nllshuf: 2800/4860
  phase1a lr0.00047 s0 nllshuf: 3000/4860
  phase1a lr0.00047 s0 nllshuf: 3200/4860
  phase1a lr0.00047 s0 nllshuf: 3400/4860
  phase1a lr0.00047 s0 nllshuf: 3600/4860
  phase1a lr0.00047 s0 nllshuf: 3800/4860
  phase1a lr0.00047 s0 nllshuf: 4000/4860
  phase1a lr0.00047 s0 nllshuf: 4200/4860
  phase1a lr0.00047 s0 nllshuf: 4400/4860
  phase1a lr0.00047 s0 nllshuf: 4600/4860
  phase1a lr0.00047 s0 nllshuf: 4800/4860
  phase1a lr0.00047 s0 cot: 200/243
  phase1a lr0.00047 s0 nocot: 200/243
[phase1a lr0.00047 s0] frac0.25: a=1.00 b=0.36 cot=0.00 nocot_strict=0.000 loss_adv=-0.068 ranked=nan
  phase1a lr0.00047 s0 nll: 200/243
  phase1a lr0.00047 s0 nllshuf: 200/4860
  phase1a lr0.00047 s0 nllshuf: 400/4860
  phase1a lr0.00047 s0 nllshuf: 600/4860
  phase1a lr0.00047 s0 nllshuf: 800/4860
  phase1a lr0.00047 s0 nllshuf: 1000/4860
  phase1a lr0.00047 s0 nllshuf: 1200/4860
  phase1a lr0.00047 s0 nllshuf: 1400/4860
  phase1a lr0.00047 s0 nllshuf: 1600/4860
  phase1a lr0.00047 s0 nllshuf: 1800/4860
  phase1a lr0.00047 s0 nllshuf: 2000/4860
  phase1a lr0.00047 s0 nllshuf: 2200/4860
  phase1a lr0.00047 s0 nllshuf: 2400/4860
  phase1a lr0.00047 s0 nllshuf: 2600/4860
  phase1a lr0.00047 s0 nllshuf: 2800/4860
  phase1a lr0.00047 s0 nllshuf: 3000/4860
  phase1a lr0.00047 s0 nllshuf: 3200/4860
  phase1a lr0.00047 s0 nllshuf: 3400/4860
  phase1a lr0.00047 s0 nllshuf: 3600/4860
  phase1a lr0.00047 s0 nllshuf: 3800/4860
  phase1a lr0.00047 s0 nllshuf: 4000/4860
  phase1a lr0.00047 s0 nllshuf: 4200/4860
  phase1a lr0.00047 s0 nllshuf: 4400/4860
  phase1a lr0.00047 s0 nllshuf: 4600/4860
  phase1a lr0.00047 s0 nllshuf: 4800/4860
  phase1a lr0.00047 s0 cot: 200/243
  phase1a lr0.00047 s0 nocot: 200/243
[phase1a lr0.00047 s0] frac0.50: a=1.00 b=0.96 cot=0.00 nocot_strict=0.000 loss_adv=-0.120 ranked=nan
  phase1a lr0.00047 s0 nll: 200/243
  phase1a lr0.00047 s0 nllshuf: 200/4860
  phase1a lr0.00047 s0 nllshuf: 400/4860
  phase1a lr0.00047 s0 nllshuf: 600/4860
  phase1a lr0.00047 s0 nllshuf: 800/4860
  phase1a lr0.00047 s0 nllshuf: 1000/4860
  phase1a lr0.00047 s0 nllshuf: 1200/4860
  phase1a lr0.00047 s0 nllshuf: 1400/4860
  phase1a lr0.00047 s0 nllshuf: 1600/4860
  phase1a lr0.00047 s0 nllshuf: 1800/4860
  phase1a lr0.00047 s0 nllshuf: 2000/4860
  phase1a lr0.00047 s0 nllshuf: 2200/4860
  phase1a lr0.00047 s0 nllshuf: 2400/4860
  phase1a lr0.00047 s0 nllshuf: 2600/4860
  phase1a lr0.00047 s0 nllshuf: 2800/4860
  phase1a lr0.00047 s0 nllshuf: 3000/4860
  phase1a lr0.00047 s0 nllshuf: 3200/4860
  phase1a lr0.00047 s0 nllshuf: 3400/4860
  phase1a lr0.00047 s0 nllshuf: 3600/4860
  phase1a lr0.00047 s0 nllshuf: 3800/4860
  phase1a lr0.00047 s0 nllshuf: 4000/4860
  phase1a lr0.00047 s0 nllshuf: 4200/4860
  phase1a lr0.00047 s0 nllshuf: 4400/4860
  phase1a lr0.00047 s0 nllshuf: 4600/4860
  phase1a lr0.00047 s0 nllshuf: 4800/4860
  phase1a lr0.00047 s0 cot: 200/243
  phase1a lr0.00047 s0 nocot: 200/243
[phase1a lr0.00047 s0] frac0.75: a=1.00 b=1.00 cot=0.01 nocot_strict=0.000 loss_adv=-0.051 ranked=nan
