warning: `VIRTUAL_ENV=/home/jose/feedback-spillover-exps/.venv` does not match the project environment path `.venv` and will be ignored; use `--active` to target the active environment instead
[programming_languages/lr3.5e-05_seed0] ep2: first_hop=nan nocot_mean=nan loss_adv_mean=0.021
[programming_languages/lr0.00047_seed0] ep2: first_hop=nan nocot_mean=nan loss_adv_mean=-0.000
[programming_languages/lr0.0001_seed0] ep2: first_hop=nan nocot_mean=nan loss_adv_mean=0.037
[programming_languages/lr0.00024_seed0] ep2: first_hop=nan nocot_mean=nan loss_adv_mean=0.019
[programming_languages/lr3.5e-05_seed0] ep4: first_hop=0.15 nocot_mean=0.087 loss_adv_mean=0.029
[programming_languages/lr0.00047_seed0] ep4: first_hop=0.35 nocot_mean=0.025 loss_adv_mean=0.016
[programming_languages/lr0.0001_seed0] ep4: first_hop=0.05 nocot_mean=0.087 loss_adv_mean=0.002
[programming_languages/lr0.00024_seed0] ep4: first_hop=0.15 nocot_mean=0.075 loss_adv_mean=0.002
[programming_languages/lr3.5e-05_seed0] ep6: first_hop=nan nocot_mean=nan loss_adv_mean=0.042
[programming_languages/lr0.00047_seed0] ep6: first_hop=nan nocot_mean=nan loss_adv_mean=0.436
[programming_languages/lr0.0001_seed0] ep6: first_hop=nan nocot_mean=nan loss_adv_mean=-0.014
[programming_languages/lr0.00047_seed0] ep8: first_hop=1.00 nocot_mean=0.138 loss_adv_mean=1.528
[programming_languages/lr3.5e-05_seed0] ep8: first_hop=0.50 nocot_mean=0.062 loss_adv_mean=0.031
[programming_languages/lr0.00047_seed0] ep10: first_hop=nan nocot_mean=nan loss_adv_mean=1.803
[programming_languages/lr0.00024_seed0] ep6: first_hop=nan nocot_mean=nan loss_adv_mean=0.046
[programming_languages/lr3.5e-05_seed0] ep10: first_hop=nan nocot_mean=nan loss_adv_mean=0.032
[programming_languages/lr0.0001_seed0] ep8: first_hop=0.25 nocot_mean=0.087 loss_adv_mean=-0.013
[programming_languages/lr0.00047_seed0] ep12: first_hop=1.00 nocot_mean=0.113 loss_adv_mean=1.625
[programming_languages/lr3.5e-05_seed0] ep12: first_hop=0.85 nocot_mean=0.062 loss_adv_mean=0.013
[programming_languages/lr0.00047_seed0] ep14: first_hop=nan nocot_mean=nan loss_adv_mean=1.822
[programming_languages/lr0.0001_seed0] ep10: first_hop=nan nocot_mean=nan loss_adv_mean=-0.028
[programming_languages/lr0.00024_seed0] ep8: first_hop=0.80 nocot_mean=0.050 loss_adv_mean=0.177
[programming_languages/lr3.5e-05_seed0] ep14: first_hop=nan nocot_mean=nan loss_adv_mean=0.003
[programming_languages/lr0.00047_seed0] ep16: first_hop=1.00 nocot_mean=0.113 loss_adv_mean=1.872
[programming_languages/lr3.5e-05_seed0] ep16: first_hop=1.00 nocot_mean=0.062 loss_adv_mean=0.023
[programming_languages/lr0.00024_seed0] ep10: first_hop=nan nocot_mean=nan loss_adv_mean=0.710
[programming_languages/lr0.00047_seed0] ep18: first_hop=nan nocot_mean=nan loss_adv_mean=1.879
[programming_languages/lr3.5e-05_seed0] ep18: first_hop=nan nocot_mean=nan loss_adv_mean=0.010
[programming_languages/lr0.0001_seed0] ep12: first_hop=0.85 nocot_mean=0.075 loss_adv_mean=-0.012
[programming_languages/lr0.00047_seed0] ep20: first_hop=1.00 nocot_mean=0.113 loss_adv_mean=1.884
[programming_languages/lr0.00047_seed0] done
[programming_languages/lr3.5e-05_seed0] ep20: first_hop=1.00 nocot_mean=0.062 loss_adv_mean=0.006
[programming_languages/lr3.5e-05_seed0] done
[programming_languages/lr0.0001_seed0] ep14: first_hop=nan nocot_mean=nan loss_adv_mean=-0.055
[programming_languages/lr0.00024_seed0] ep12: first_hop=1.00 nocot_mean=0.113 loss_adv_mean=0.929
[programming_languages/lr0.0001_seed0] ep16: first_hop=1.00 nocot_mean=0.062 loss_adv_mean=-0.053
[programming_languages/lr0.0001_seed0] ep18: first_hop=nan nocot_mean=nan loss_adv_mean=-0.046
[programming_languages/lr0.00024_seed0] ep14: first_hop=nan nocot_mean=nan loss_adv_mean=0.612
[programming_languages/lr0.0001_seed0] ep20: first_hop=1.00 nocot_mean=0.075 loss_adv_mean=-0.031
[programming_languages/lr0.0001_seed0] done
[programming_languages/lr0.00024_seed0] ep16: first_hop=1.00 nocot_mean=0.062 loss_adv_mean=0.725
[programming_languages/lr0.00024_seed0] ep18: first_hop=nan nocot_mean=nan loss_adv_mean=0.810
[programming_languages/lr0.00024_seed0] ep20: first_hop=1.00 nocot_mean=0.062 loss_adv_mean=0.830
[programming_languages/lr0.00024_seed0] done
