warning: `VIRTUAL_ENV=/home/jose/feedback-spillover-exps/.venv` does not match the project environment path `.venv` and will be ignored; use `--active` to target the active environment instead
[newspapers/lr0.00047_seed0] ep2: first_hop=nan nocot_mean=nan loss_adv_mean=0.054
[universities/lr0.00047_seed0] ep2: first_hop=nan nocot_mean=nan loss_adv_mean=0.012
[universities/lr0.00047_seed1] ep2: first_hop=nan nocot_mean=nan loss_adv_mean=0.002
[newspapers/lr0.00047_seed1] ep2: first_hop=nan nocot_mean=nan loss_adv_mean=0.036
[newspapers/lr0.00047_seed2] ep2: first_hop=nan nocot_mean=nan loss_adv_mean=0.011
[universities/lr0.00047_seed2] ep2: first_hop=nan nocot_mean=nan loss_adv_mean=0.026
[newspapers/lr0.00047_seed0] ep4: first_hop=0.50 nocot_mean=0.188 loss_adv_mean=0.667
[universities/lr0.00047_seed0] ep4: first_hop=0.20 nocot_mean=0.088 loss_adv_mean=0.094
[newspapers/lr0.00047_seed0] ep6: first_hop=nan nocot_mean=nan loss_adv_mean=0.961
[universities/lr0.00047_seed0] ep6: first_hop=nan nocot_mean=nan loss_adv_mean=0.715
[newspapers/lr0.00047_seed1] ep4: first_hop=0.45 nocot_mean=0.238 loss_adv_mean=0.560
[universities/lr0.00047_seed1] ep4: first_hop=0.20 nocot_mean=0.100 loss_adv_mean=0.054
[newspapers/lr0.00047_seed0] ep8: first_hop=1.00 nocot_mean=0.263 loss_adv_mean=1.879
[universities/lr0.00047_seed2] ep4: first_hop=0.45 nocot_mean=0.087 loss_adv_mean=0.123
[universities/lr0.00047_seed0] ep8: first_hop=0.95 nocot_mean=0.400 loss_adv_mean=2.075
[newspapers/lr0.00047_seed2] ep4: first_hop=0.05 nocot_mean=0.088 loss_adv_mean=0.076
[newspapers/lr0.00047_seed0] ep10: first_hop=nan nocot_mean=nan loss_adv_mean=2.706
[universities/lr0.00047_seed0] ep10: first_hop=nan nocot_mean=nan loss_adv_mean=1.708
[newspapers/lr0.00047_seed1] ep6: first_hop=nan nocot_mean=nan loss_adv_mean=1.302
[universities/lr0.00047_seed1] ep6: first_hop=nan nocot_mean=nan loss_adv_mean=0.523
[newspapers/lr0.00047_seed0] ep12: first_hop=1.00 nocot_mean=0.300 loss_adv_mean=3.074
[universities/lr0.00047_seed0] ep12: first_hop=1.00 nocot_mean=0.350 loss_adv_mean=1.348
[newspapers/lr0.00047_seed0] ep14: first_hop=nan nocot_mean=nan loss_adv_mean=3.201
[universities/lr0.00047_seed2] ep6: first_hop=nan nocot_mean=nan loss_adv_mean=0.930
[universities/lr0.00047_seed0] ep14: first_hop=nan nocot_mean=nan loss_adv_mean=1.331
[newspapers/lr0.00047_seed2] ep6: first_hop=nan nocot_mean=nan loss_adv_mean=0.286
[newspapers/lr0.00047_seed0] ep16: first_hop=1.00 nocot_mean=0.287 loss_adv_mean=3.253
[newspapers/lr0.00047_seed1] ep8: first_hop=1.00 nocot_mean=0.375 loss_adv_mean=3.143
[universities/lr0.00047_seed1] ep8: first_hop=1.00 nocot_mean=0.275 loss_adv_mean=1.527
[universities/lr0.00047_seed0] ep16: first_hop=1.00 nocot_mean=0.325 loss_adv_mean=1.431
[newspapers/lr0.00047_seed0] ep18: first_hop=nan nocot_mean=nan loss_adv_mean=3.273
[universities/lr0.00047_seed0] ep18: first_hop=nan nocot_mean=nan loss_adv_mean=1.485
[newspapers/lr0.00047_seed1] ep10: first_hop=nan nocot_mean=nan loss_adv_mean=4.287
[newspapers/lr0.00047_seed2] ep8: first_hop=0.90 nocot_mean=0.150 loss_adv_mean=0.889
[universities/lr0.00047_seed2] ep8: first_hop=1.00 nocot_mean=0.175 loss_adv_mean=1.917
[universities/lr0.00047_seed1] ep10: first_hop=nan nocot_mean=nan loss_adv_mean=1.647
[newspapers/lr0.00047_seed0] ep20: first_hop=1.00 nocot_mean=0.287 loss_adv_mean=3.274
[newspapers/lr0.00047_seed0] done
[universities/lr0.00047_seed0] ep20: first_hop=1.00 nocot_mean=0.337 loss_adv_mean=1.501
[universities/lr0.00047_seed0] done
[newspapers/lr0.00047_seed2] ep10: first_hop=nan nocot_mean=nan loss_adv_mean=1.405
[universities/lr0.00047_seed2] ep10: first_hop=nan nocot_mean=nan loss_adv_mean=2.319
[world_heritage_sites/lr0.00047_seed1] ep2: first_hop=nan nocot_mean=nan loss_adv_mean=0.053
[newspapers/lr0.00047_seed1] ep12: first_hop=1.00 nocot_mean=0.375 loss_adv_mean=4.488
[universities/lr0.00047_seed1] ep12: first_hop=1.00 nocot_mean=0.338 loss_adv_mean=1.745
[world_heritage_sites/lr0.00047_seed0] ep2: first_hop=nan nocot_mean=nan loss_adv_mean=0.035
[newspapers/lr0.00047_seed1] ep14: first_hop=nan nocot_mean=nan loss_adv_mean=4.599
[world_heritage_sites/lr0.00047_seed1] ep4: first_hop=0.40 nocot_mean=0.138 loss_adv_mean=0.279
[universities/lr0.00047_seed2] ep12: first_hop=1.00 nocot_mean=0.200 loss_adv_mean=2.374
[newspapers/lr0.00047_seed2] ep12: first_hop=1.00 nocot_mean=0.150 loss_adv_mean=1.980
[world_heritage_sites/lr0.00047_seed1] ep6: first_hop=nan nocot_mean=nan loss_adv_mean=0.370
[universities/lr0.00047_seed1] ep14: first_hop=nan nocot_mean=nan loss_adv_mean=1.765
[universities/lr0.00047_seed2] ep14: first_hop=nan nocot_mean=nan loss_adv_mean=2.386
[world_heritage_sites/lr0.00047_seed1] ep8: first_hop=1.00 nocot_mean=0.088 loss_adv_mean=0.859
[newspapers/lr0.00047_seed1] ep16: first_hop=1.00 nocot_mean=0.388 loss_adv_mean=4.629
[universities/lr0.00047_seed1] ep16: first_hop=1.00 nocot_mean=0.338 loss_adv_mean=1.809
[newspapers/lr0.00047_seed2] ep14: first_hop=nan nocot_mean=nan loss_adv_mean=2.239
[world_heritage_sites/lr0.00047_seed0] ep4: first_hop=0.30 nocot_mean=0.150 loss_adv_mean=0.169
[world_heritage_sites/lr0.00047_seed1] ep10: first_hop=nan nocot_mean=nan loss_adv_mean=1.250
[universities/lr0.00047_seed1] ep18: first_hop=nan nocot_mean=nan loss_adv_mean=1.815
[world_heritage_sites/lr0.00047_seed1] ep12: first_hop=1.00 nocot_mean=0.087 loss_adv_mean=1.331
[newspapers/lr0.00047_seed1] ep18: first_hop=nan nocot_mean=nan loss_adv_mean=4.642
[world_heritage_sites/lr0.00047_seed0] ep6: first_hop=nan nocot_mean=nan loss_adv_mean=0.587
[universities/lr0.00047_seed2] ep16: first_hop=1.00 nocot_mean=0.200 loss_adv_mean=2.399
[world_heritage_sites/lr0.00047_seed1] ep14: first_hop=nan nocot_mean=nan loss_adv_mean=1.336
[newspapers/lr0.00047_seed2] ep16: first_hop=1.00 nocot_mean=0.138 loss_adv_mean=2.304
[world_heritage_sites/lr0.00047_seed1] ep16: first_hop=1.00 nocot_mean=0.100 loss_adv_mean=1.318
[newspapers/lr0.00047_seed2] ep18: first_hop=nan nocot_mean=nan loss_adv_mean=2.316
[newspapers/lr0.00047_seed1] ep20: first_hop=1.00 nocot_mean=0.400 loss_adv_mean=4.639
[newspapers/lr0.00047_seed1] done
[universities/lr0.00047_seed2] ep18: first_hop=nan nocot_mean=nan loss_adv_mean=2.405
[universities/lr0.00047_seed1] ep20: first_hop=1.00 nocot_mean=0.338 loss_adv_mean=1.800
[universities/lr0.00047_seed1] done
[world_heritage_sites/lr0.00047_seed0] ep8: first_hop=1.00 nocot_mean=0.150 loss_adv_mean=1.187
[world_heritage_sites/lr0.00047_seed1] ep18: first_hop=nan nocot_mean=nan loss_adv_mean=1.318
[operas/lr0.00047_seed0] ep2: first_hop=nan nocot_mean=nan loss_adv_mean=0.016
[world_heritage_sites/lr0.00047_seed1] ep20: first_hop=1.00 nocot_mean=0.100 loss_adv_mean=1.320
[world_heritage_sites/lr0.00047_seed1] done
[world_heritage_sites/lr0.00047_seed2] ep2: first_hop=nan nocot_mean=nan loss_adv_mean=0.049
[world_heritage_sites/lr0.00047_seed0] ep10: first_hop=nan nocot_mean=nan loss_adv_mean=1.308
[universities/lr0.00047_seed2] ep20: first_hop=1.00 nocot_mean=0.200 loss_adv_mean=2.415
[universities/lr0.00047_seed2] done
[newspapers/lr0.00047_seed2] ep20: first_hop=1.00 nocot_mean=0.138 loss_adv_mean=2.332
[newspapers/lr0.00047_seed2] done
[operas/lr0.00047_seed0] ep4: first_hop=0.15 nocot_mean=0.125 loss_adv_mean=0.141
[operas/lr0.00047_seed0] ep6: first_hop=nan nocot_mean=nan loss_adv_mean=0.281
[chemical_elements/lr0.00047_seed0] ep2: first_hop=nan nocot_mean=nan loss_adv_mean=-0.015
[operas/lr0.00047_seed1] ep2: first_hop=nan nocot_mean=nan loss_adv_mean=0.013
[operas/lr0.00047_seed2] ep2: first_hop=nan nocot_mean=nan loss_adv_mean=0.009
[operas/lr0.00047_seed0] ep8: first_hop=1.00 nocot_mean=0.150 loss_adv_mean=0.612
[world_heritage_sites/lr0.00047_seed0] ep12: first_hop=1.00 nocot_mean=0.163 loss_adv_mean=0.845
[world_heritage_sites/lr0.00047_seed2] ep4: first_hop=0.40 nocot_mean=0.138 loss_adv_mean=0.216
[chemical_elements/lr0.00047_seed0] ep4: first_hop=0.05 nocot_mean=0.038 loss_adv_mean=0.112
[operas/lr0.00047_seed0] ep10: first_hop=nan nocot_mean=nan loss_adv_mean=0.680
[chemical_elements/lr0.00047_seed0] ep6: first_hop=nan nocot_mean=nan loss_adv_mean=0.273
[world_heritage_sites/lr0.00047_seed2] ep6: first_hop=nan nocot_mean=nan loss_adv_mean=0.380
[world_heritage_sites/lr0.00047_seed0] ep14: first_hop=nan nocot_mean=nan loss_adv_mean=0.808
[operas/lr0.00047_seed2] ep4: first_hop=0.05 nocot_mean=0.150 loss_adv_mean=0.016
[operas/lr0.00047_seed0] ep12: first_hop=1.00 nocot_mean=0.050 loss_adv_mean=0.572
[operas/lr0.00047_seed1] ep4: first_hop=0.50 nocot_mean=0.075 loss_adv_mean=0.251
[chemical_elements/lr0.00047_seed0] ep8: first_hop=1.00 nocot_mean=0.163 loss_adv_mean=0.938
[operas/lr0.00047_seed0] ep14: first_hop=nan nocot_mean=nan loss_adv_mean=0.572
[operas/lr0.00047_seed2] ep6: first_hop=nan nocot_mean=nan loss_adv_mean=0.285
[chemical_elements/lr0.00047_seed0] ep10: first_hop=nan nocot_mean=nan loss_adv_mean=1.897
[world_heritage_sites/lr0.00047_seed0] ep16: first_hop=1.00 nocot_mean=0.162 loss_adv_mean=0.860
[world_heritage_sites/lr0.00047_seed2] ep8: first_hop=1.00 nocot_mean=0.087 loss_adv_mean=0.750
[operas/lr0.00047_seed1] ep6: first_hop=nan nocot_mean=nan loss_adv_mean=0.258
[operas/lr0.00047_seed0] ep16: first_hop=1.00 nocot_mean=0.050 loss_adv_mean=0.568
[chemical_elements/lr0.00047_seed0] ep12: first_hop=1.00 nocot_mean=0.163 loss_adv_mean=1.252
[world_heritage_sites/lr0.00047_seed0] ep18: first_hop=nan nocot_mean=nan loss_adv_mean=0.884
[world_heritage_sites/lr0.00047_seed2] ep10: first_hop=nan nocot_mean=nan loss_adv_mean=1.283
[operas/lr0.00047_seed2] ep8: first_hop=0.95 nocot_mean=0.075 loss_adv_mean=0.415
[operas/lr0.00047_seed0] ep18: first_hop=nan nocot_mean=nan loss_adv_mean=0.574
[chemical_elements/lr0.00047_seed0] ep14: first_hop=nan nocot_mean=nan loss_adv_mean=1.202
[operas/lr0.00047_seed1] ep8: first_hop=1.00 nocot_mean=0.013 loss_adv_mean=0.301
[operas/lr0.00047_seed2] ep10: first_hop=nan nocot_mean=nan loss_adv_mean=0.676
[world_heritage_sites/lr0.00047_seed0] ep20: first_hop=1.00 nocot_mean=0.162 loss_adv_mean=0.900
[world_heritage_sites/lr0.00047_seed0] done
[operas/lr0.00047_seed0] ep20: first_hop=1.00 nocot_mean=0.050 loss_adv_mean=0.572
[operas/lr0.00047_seed0] done
[chemical_elements/lr0.00047_seed0] ep16: first_hop=1.00 nocot_mean=0.163 loss_adv_mean=1.257
[world_heritage_sites/lr0.00047_seed2] ep12: first_hop=1.00 nocot_mean=0.038 loss_adv_mean=1.313
[chemical_elements/lr0.00047_seed0] ep18: first_hop=nan nocot_mean=nan loss_adv_mean=1.307
[operas/lr0.00047_seed1] ep10: first_hop=nan nocot_mean=nan loss_adv_mean=0.254
[chemical_elements/lr0.00047_seed1] ep2: first_hop=nan nocot_mean=nan loss_adv_mean=0.017
[world_heritage_sites/lr0.00047_seed2] ep14: first_hop=nan nocot_mean=nan loss_adv_mean=1.325
[chemical_elements/lr0.00047_seed2] ep2: first_hop=nan nocot_mean=nan loss_adv_mean=0.006
[operas/lr0.00047_seed2] ep12: first_hop=0.95 nocot_mean=0.013 loss_adv_mean=0.616
[chemical_elements/lr0.00047_seed0] ep20: first_hop=1.00 nocot_mean=0.163 loss_adv_mean=1.302
[chemical_elements/lr0.00047_seed0] done
[chemical_elements/lr0.00047_seed1] ep4: first_hop=0.05 nocot_mean=0.025 loss_adv_mean=0.007
[operas/lr0.00047_seed2] ep14: first_hop=nan nocot_mean=nan loss_adv_mean=0.546
[programming_languages/lr0.00047_seed1] ep2: first_hop=nan nocot_mean=nan loss_adv_mean=-0.008
[operas/lr0.00047_seed1] ep12: first_hop=1.00 nocot_mean=0.000 loss_adv_mean=0.252
[chemical_elements/lr0.00047_seed2] ep4: first_hop=0.15 nocot_mean=0.038 loss_adv_mean=0.032
[world_heritage_sites/lr0.00047_seed2] ep16: first_hop=1.00 nocot_mean=0.038 loss_adv_mean=1.313
[operas/lr0.00047_seed1] ep14: first_hop=nan nocot_mean=nan loss_adv_mean=0.262
[chemical_elements/lr0.00047_seed2] ep6: first_hop=nan nocot_mean=nan loss_adv_mean=0.198
[chemical_elements/lr0.00047_seed1] ep6: first_hop=nan nocot_mean=nan loss_adv_mean=0.000
[world_heritage_sites/lr0.00047_seed2] ep18: first_hop=nan nocot_mean=nan loss_adv_mean=1.322
[programming_languages/lr0.00047_seed1] ep4: first_hop=0.10 nocot_mean=0.088 loss_adv_mean=-0.012
[operas/lr0.00047_seed2] ep16: first_hop=1.00 nocot_mean=0.013 loss_adv_mean=0.503
[programming_languages/lr0.00047_seed1] ep6: first_hop=nan nocot_mean=nan loss_adv_mean=0.169
[operas/lr0.00047_seed1] ep16: first_hop=1.00 nocot_mean=0.000 loss_adv_mean=0.262
[operas/lr0.00047_seed2] ep18: first_hop=nan nocot_mean=nan loss_adv_mean=0.516
[chemical_elements/lr0.00047_seed1] ep8: first_hop=0.30 nocot_mean=0.037 loss_adv_mean=0.113
[chemical_elements/lr0.00047_seed2] ep8: first_hop=0.80 nocot_mean=0.150 loss_adv_mean=0.847
[world_heritage_sites/lr0.00047_seed2] ep20: first_hop=1.00 nocot_mean=0.050 loss_adv_mean=1.306
[world_heritage_sites/lr0.00047_seed2] done
[programming_languages/lr0.00047_seed2] ep2: first_hop=nan nocot_mean=nan loss_adv_mean=0.023
[chemical_elements/lr0.00047_seed2] ep10: first_hop=nan nocot_mean=nan loss_adv_mean=1.626
[chemical_elements/lr0.00047_seed1] ep10: first_hop=nan nocot_mean=nan loss_adv_mean=1.103
[operas/lr0.00047_seed1] ep18: first_hop=nan nocot_mean=nan loss_adv_mean=0.282
[programming_languages/lr0.00047_seed1] ep8: first_hop=1.00 nocot_mean=0.087 loss_adv_mean=0.835
[operas/lr0.00047_seed2] ep20: first_hop=1.00 nocot_mean=0.000 loss_adv_mean=0.522
[operas/lr0.00047_seed2] done
[chemical_elements/lr0.00047_seed1] ep12: first_hop=1.00 nocot_mean=0.188 loss_adv_mean=1.526
[programming_languages/lr0.00047_seed1] ep10: first_hop=nan nocot_mean=nan loss_adv_mean=1.573
[programming_languages/lr0.00047_seed2] ep4: first_hop=0.15 nocot_mean=0.025 loss_adv_mean=0.028
[chemical_elements/lr0.00047_seed2] ep12: first_hop=1.00 nocot_mean=0.188 loss_adv_mean=1.207
[operas/lr0.00047_seed1] ep20: first_hop=1.00 nocot_mean=0.000 loss_adv_mean=0.249
[operas/lr0.00047_seed1] done
[chemical_elements/lr0.00047_seed1] ep14: first_hop=nan nocot_mean=nan loss_adv_mean=1.714
[programming_languages/lr0.00047_seed2] ep6: first_hop=nan nocot_mean=nan loss_adv_mean=0.238
[programming_languages/lr0.00047_seed1] ep12: first_hop=1.00 nocot_mean=0.125 loss_adv_mean=1.813
[chemical_elements/lr0.00047_seed2] ep14: first_hop=nan nocot_mean=nan loss_adv_mean=1.054
[programming_languages/lr0.00047_seed1] ep14: first_hop=nan nocot_mean=nan loss_adv_mean=1.929
[programming_languages/lr0.00047_seed2] ep8: first_hop=0.95 nocot_mean=0.175 loss_adv_mean=1.080
[chemical_elements/lr0.00047_seed2] ep16: first_hop=1.00 nocot_mean=0.163 loss_adv_mean=1.203
[chemical_elements/lr0.00047_seed1] ep16: first_hop=1.00 nocot_mean=0.163 loss_adv_mean=1.745
[programming_languages/lr0.00047_seed2] ep10: first_hop=nan nocot_mean=nan loss_adv_mean=1.293
[chemical_elements/lr0.00047_seed2] ep18: first_hop=nan nocot_mean=nan loss_adv_mean=1.293
[programming_languages/lr0.00047_seed1] ep16: first_hop=1.00 nocot_mean=0.138 loss_adv_mean=1.962
[chemical_elements/lr0.00047_seed1] ep18: first_hop=nan nocot_mean=nan loss_adv_mean=1.749
[programming_languages/lr0.00047_seed2] ep12: first_hop=1.00 nocot_mean=0.163 loss_adv_mean=1.221
[programming_languages/lr0.00047_seed1] ep18: first_hop=nan nocot_mean=nan loss_adv_mean=1.956
[chemical_elements/lr0.00047_seed2] ep20: first_hop=1.00 nocot_mean=0.163 loss_adv_mean=1.310
[chemical_elements/lr0.00047_seed2] done
[chemical_elements/lr0.00047_seed1] ep20: first_hop=1.00 nocot_mean=0.175 loss_adv_mean=1.749
[chemical_elements/lr0.00047_seed1] done
[programming_languages/lr0.00047_seed1] ep20: first_hop=1.00 nocot_mean=0.138 loss_adv_mean=1.979
[programming_languages/lr0.00047_seed1] done
[programming_languages/lr0.00047_seed2] ep14: first_hop=nan nocot_mean=nan loss_adv_mean=1.290
[programming_languages/lr0.00047_seed2] ep16: first_hop=1.00 nocot_mean=0.150 loss_adv_mean=1.383
[programming_languages/lr0.00047_seed2] ep18: first_hop=nan nocot_mean=nan loss_adv_mean=1.415
[programming_languages/lr0.00047_seed2] ep20: first_hop=1.00 nocot_mean=0.150 loss_adv_mean=1.413
[programming_languages/lr0.00047_seed2] done
